2017-07-20 11:17:22,951 - root - 76 - INFO - ===================== # App start # =====================
2017-07-20 11:17:22,960 - pt_RSMultiMatteTool.core - 62 - INFO - Setting up UI...
2017-07-20 11:17:22,960 - pt_RSMultiMatteTool.core - 51 - INFO - change Renderer to : Redshift
2017-07-20 11:17:22,973 - root - 106 - INFO - UI loaded ...
2017-07-20 11:17:22,992 - root - 76 - INFO - ===================== # App start # =====================
2017-07-20 11:17:23,002 - pt_RSMultiMatteTool.core - 62 - INFO - Setting up UI...
2017-07-20 11:17:23,003 - pt_RSMultiMatteTool.core - 51 - INFO - change Renderer to : Redshift
2017-07-20 11:17:23,013 - root - 106 - INFO - UI loaded ...
2017-07-20 11:19:08,188 - root - 76 - INFO - ===================== # App start # =====================
2017-07-20 11:19:08,191 - pt_RSMultiMatteTool.core - 62 - INFO - Setting up UI...
2017-07-20 11:19:08,193 - pt_RSMultiMatteTool.core - 51 - INFO - change Renderer to : Redshift
2017-07-20 11:19:08,265 - root - 106 - INFO - UI loaded ...
2017-07-20 11:19:08,280 - root - 76 - INFO - ===================== # App start # =====================
2017-07-20 11:19:08,290 - pt_RSMultiMatteTool.core - 62 - INFO - Setting up UI...
2017-07-20 11:19:08,292 - pt_RSMultiMatteTool.core - 51 - INFO - change Renderer to : Redshift
2017-07-20 11:19:08,321 - root - 106 - INFO - UI loaded ...
2017-07-20 11:19:23,848 - pt_RSMultiMatteTool.core - 323 - INFO - Create puzzle matte success.
2017-07-20 11:19:26,480 - pt_RSMultiMatteTool.core - 323 - INFO - Create puzzle matte success.
2017-07-20 11:19:30,206 - pt_RSMultiMatteTool.core - 286 - INFO - Material ID was assigned.
2017-07-20 11:19:37,016 - pt_RSMultiMatteTool.core - 323 - INFO - Create puzzle matte success.
2017-07-20 11:22:57,341 - root - 76 - INFO - ===================== # App start # =====================
2017-07-20 11:22:57,345 - pt_RSMultiMatteTool.core - 62 - INFO - Setting up UI...
2017-07-20 11:22:57,346 - pt_RSMultiMatteTool.core - 51 - INFO - change Renderer to : Redshift
2017-07-20 11:22:57,365 - root - 106 - INFO - UI loaded ...
2017-07-20 11:22:59,930 - pt_RSMultiMatteTool.core - 325 - INFO - Create puzzle matte success.
2017-07-20 11:23:05,342 - pt_RSMultiMatteTool.core - 325 - INFO - Create puzzle matte success.
2017-07-20 11:25:20,125 - pt_RSMultiMatteTool.core - 199 - ERROR - max() arg is an empty sequence
2017-07-20 11:27:12,677 - root - 76 - INFO - ===================== # App start # =====================
2017-07-20 11:27:12,694 - pt_RSMultiMatteTool.core - 62 - INFO - Setting up UI...
2017-07-20 11:27:12,696 - pt_RSMultiMatteTool.core - 51 - INFO - change Renderer to : Redshift
2017-07-20 11:27:12,792 - root - 106 - INFO - UI loaded ...
2017-07-20 11:27:16,608 - pt_RSMultiMatteTool.core - 201 - INFO - CreateObjID : rsObjectId1
2017-07-20 11:29:50,190 - root - 76 - INFO - ===================== # App start # =====================
2017-07-20 11:29:50,197 - pt_RSMultiMatteTool.core - 62 - INFO - Setting up UI...
2017-07-20 11:29:50,197 - pt_RSMultiMatteTool.core - 51 - INFO - change Renderer to : Redshift
2017-07-20 11:29:50,243 - root - 106 - INFO - UI loaded ...
2017-07-20 11:29:54,562 - pt_RSMultiMatteTool.core - 202 - ERROR - setAttr: Error reading data element number 1: 100

2017-07-20 11:30:21,052 - root - 76 - INFO - ===================== # App start # =====================
2017-07-20 11:30:21,058 - pt_RSMultiMatteTool.core - 62 - INFO - Setting up UI...
2017-07-20 11:30:21,059 - pt_RSMultiMatteTool.core - 51 - INFO - change Renderer to : Redshift
2017-07-20 11:30:21,096 - root - 106 - INFO - UI loaded ...
2017-07-20 11:30:27,259 - pt_RSMultiMatteTool.core - 200 - INFO - CreateObjID : rsObjectId1
2017-07-20 11:30:29,493 - pt_RSMultiMatteTool.core - 200 - INFO - CreateObjID : rsObjectId2
2017-07-20 11:30:32,654 - pt_RSMultiMatteTool.core - 200 - INFO - CreateObjID : rsObjectId3
2017-07-20 11:30:34,030 - pt_RSMultiMatteTool.core - 200 - INFO - CreateObjID : rsObjectId4
2017-07-20 11:30:36,377 - pt_RSMultiMatteTool.core - 200 - INFO - CreateObjID : rsObjectId5
2017-07-20 11:30:38,505 - pt_RSMultiMatteTool.core - 200 - INFO - CreateObjID : rsObjectId6
2017-07-20 11:30:42,680 - pt_RSMultiMatteTool.core - 200 - INFO - CreateObjID : rsObjectId7
2017-07-20 11:30:45,049 - pt_RSMultiMatteTool.core - 200 - INFO - CreateObjID : rsObjectId8
2017-07-20 11:30:47,223 - pt_RSMultiMatteTool.core - 200 - INFO - CreateObjID : rsObjectId9
2017-07-20 11:30:58,049 - pt_RSMultiMatteTool.core - 328 - INFO - Create puzzle matte success.
2017-07-20 11:31:00,448 - pt_RSMultiMatteTool.core - 328 - INFO - Create puzzle matte success.
2017-07-20 11:33:58,502 - pt_RSMultiMatteTool.core - 328 - INFO - Create puzzle matte success.
