2017-07-18 15:28:13,479 - root - 65 - INFO - ===================== # App start # =====================
2017-07-18 15:28:13,483 - pt_RSMultiMatteTool.core - 21 - INFO - Setting up UI...
2017-07-18 15:28:13,499 - root - 75 - INFO - UI loaded ...
2017-07-18 15:42:25,138 - root - 65 - INFO - ===================== # App start # =====================
2017-07-18 15:42:25,150 - root - 78 - ERROR - 'app_ui' object has no attribute 'Renderer_comboBox'
2017-07-18 15:42:33,947 - root - 65 - INFO - ===================== # App start # =====================
2017-07-18 15:42:33,947 - root - 78 - ERROR - 'app_ui' object has no attribute 'Renderer_comboBox'
2017-07-18 15:44:06,013 - root - 65 - INFO - ===================== # App start # =====================
2017-07-18 15:44:06,016 - pt_RSMultiMatteTool.core - 26 - INFO - Setting up UI...
2017-07-18 15:44:06,016 - root - 78 - ERROR - 'PySide.QtCore.SignalInstance' object has no attribute 'currentText'
2017-07-18 15:44:42,444 - root - 65 - INFO - ===================== # App start # =====================
2017-07-18 15:44:42,447 - pt_RSMultiMatteTool.core - 26 - INFO - Setting up UI...
2017-07-18 15:44:42,463 - root - 75 - INFO - UI loaded ...
2017-07-18 15:46:29,259 - root - 65 - INFO - ===================== # App start # =====================
2017-07-18 15:46:29,263 - pt_RSMultiMatteTool.core - 26 - INFO - Setting up UI...
2017-07-18 15:46:29,265 - pt_RSMultiMatteTool.core - 103 - INFO - change Renderer to : Redshift
2017-07-18 15:46:29,282 - root - 75 - INFO - UI loaded ...
2017-07-18 15:46:34,055 - pt_RSMultiMatteTool.core - 103 - INFO - change Renderer to : Vray
2017-07-18 15:46:37,726 - pt_RSMultiMatteTool.core - 103 - INFO - change Renderer to : Redshift
2017-07-18 15:46:39,046 - pt_RSMultiMatteTool.core - 103 - INFO - change Renderer to : Vray
2017-07-18 15:46:40,174 - pt_RSMultiMatteTool.core - 103 - INFO - change Renderer to : Redshift
2017-07-18 15:55:37,805 - root - 65 - INFO - ===================== # App start # =====================
2017-07-18 15:55:37,809 - pt_RSMultiMatteTool.core - 26 - INFO - Setting up UI...
2017-07-18 15:55:37,809 - pt_RSMultiMatteTool.core - 103 - INFO - change Renderer to : Redshift
2017-07-18 15:55:37,957 - root - 75 - INFO - UI loaded ...
2017-07-18 15:55:40,543 - pt_RSMultiMatteTool.core - 103 - INFO - change Renderer to : Vray
2017-07-18 15:55:41,375 - pt_RSMultiMatteTool.core - 103 - INFO - change Renderer to : Redshift
2017-07-18 16:04:26,354 - root - 69 - INFO - ===================== # App start # =====================
2017-07-18 16:04:26,374 - pt_RSMultiMatteTool.core - 29 - INFO - Setting up UI...
2017-07-18 16:04:26,375 - pt_RSMultiMatteTool.core - 106 - INFO - change Renderer to : Redshift
2017-07-18 16:04:26,391 - root - 79 - INFO - UI loaded ...
2017-07-18 16:07:27,440 - root - 69 - INFO - ===================== # App start # =====================
2017-07-18 16:07:27,456 - pt_RSMultiMatteTool.core - 29 - INFO - Setting up UI...
2017-07-18 16:07:27,457 - pt_RSMultiMatteTool.core - 113 - ERROR - Cannot swith engine.
2017-07-18 16:07:27,457 - root - 82 - ERROR - Cannot swith engine.

2017-07-18 16:08:01,584 - root - 69 - INFO - ===================== # App start # =====================
2017-07-18 16:08:01,588 - pt_RSMultiMatteTool.core - 29 - INFO - Setting up UI...
2017-07-18 16:08:01,588 - pt_RSMultiMatteTool.core - 113 - ERROR - Cannot swith engine.Redshift
2017-07-18 16:08:01,588 - root - 82 - ERROR - Cannot swith engine.

2017-07-18 16:08:05,167 - root - 69 - INFO - ===================== # App start # =====================
2017-07-18 16:08:05,171 - pt_RSMultiMatteTool.core - 29 - INFO - Setting up UI...
2017-07-18 16:08:05,173 - pt_RSMultiMatteTool.core - 113 - ERROR - Cannot swith engine.Redshift
2017-07-18 16:08:05,174 - root - 82 - ERROR - Cannot swith engine.

2017-07-18 16:08:29,200 - root - 69 - INFO - ===================== # App start # =====================
2017-07-18 16:08:29,204 - pt_RSMultiMatteTool.core - 29 - INFO - Setting up UI...
2017-07-18 16:08:29,206 - pt_RSMultiMatteTool.core - 116 - INFO - change Renderer to : Redshift
2017-07-18 16:08:29,220 - root - 79 - INFO - UI loaded ...
2017-07-18 16:38:48,151 - root - 69 - INFO - ===================== # App start # =====================
2017-07-18 16:38:48,171 - pt_RSMultiMatteTool.core - 46 - INFO - Setting up UI...
2017-07-18 16:38:48,173 - pt_RSMultiMatteTool.core - 40 - INFO - change Renderer to : Redshift
2017-07-18 16:38:48,174 - root - 82 - ERROR - global name '_hook_' is not defined
2017-07-18 16:39:14,006 - root - 69 - INFO - ===================== # App start # =====================
2017-07-18 16:39:14,009 - pt_RSMultiMatteTool.core - 46 - INFO - Setting up UI...
2017-07-18 16:39:14,009 - pt_RSMultiMatteTool.core - 40 - INFO - change Renderer to : Redshift
2017-07-18 16:39:14,009 - root - 82 - ERROR - 'module' object has no attribute 'listMaterial'
2017-07-18 16:41:26,151 - root - 69 - INFO - ===================== # App start # =====================
2017-07-18 16:41:26,154 - pt_RSMultiMatteTool.core - 46 - INFO - Setting up UI...
2017-07-18 16:41:26,154 - pt_RSMultiMatteTool.core - 40 - INFO - change Renderer to : Redshift
2017-07-18 16:41:26,154 - root - 82 - ERROR - 'hook' object has no attribute 'listMaterial'
2017-07-18 16:41:59,640 - root - 69 - INFO - ===================== # App start # =====================
2017-07-18 16:41:59,642 - pt_RSMultiMatteTool.core - 48 - INFO - Setting up UI...
2017-07-18 16:41:59,644 - pt_RSMultiMatteTool.core - 42 - INFO - change Renderer to : Redshift
2017-07-18 16:41:59,644 - root - 82 - ERROR - global name 'addMaterialID_toListView' is not defined
2017-07-18 16:42:02,470 - root - 69 - INFO - ===================== # App start # =====================
2017-07-18 16:42:02,473 - pt_RSMultiMatteTool.core - 48 - INFO - Setting up UI...
2017-07-18 16:42:02,473 - pt_RSMultiMatteTool.core - 42 - INFO - change Renderer to : Redshift
2017-07-18 16:42:02,473 - root - 82 - ERROR - global name 'addMaterialID_toListView' is not defined
2017-07-18 16:42:30,358 - root - 69 - INFO - ===================== # App start # =====================
2017-07-18 16:42:30,362 - pt_RSMultiMatteTool.core - 48 - INFO - Setting up UI...
2017-07-18 16:42:30,364 - pt_RSMultiMatteTool.core - 42 - INFO - change Renderer to : Redshift
2017-07-18 16:42:30,378 - root - 79 - INFO - UI loaded ...
2017-07-18 16:42:33,405 - pt_RSMultiMatteTool.core - 42 - INFO - change Renderer to : Vray
2017-07-18 16:42:34,878 - pt_RSMultiMatteTool.core - 42 - INFO - change Renderer to : Redshift
2017-07-18 16:43:45,763 - root - 69 - INFO - ===================== # App start # =====================
2017-07-18 16:43:45,769 - pt_RSMultiMatteTool.core - 48 - INFO - Setting up UI...
2017-07-18 16:43:45,770 - pt_RSMultiMatteTool.core - 42 - INFO - change Renderer to : Redshift
2017-07-18 16:43:45,786 - root - 79 - INFO - UI loaded ...
2017-07-18 17:33:32,026 - __main__ - 48 - INFO - Setting up UI...
2017-07-18 17:33:32,029 - __main__ - 42 - INFO - change Renderer to : Redshift
2017-07-18 18:13:26,561 - root - 69 - INFO - ===================== # App start # =====================
2017-07-18 18:13:26,565 - pt_RSMultiMatteTool.core - 48 - INFO - Setting up UI...
2017-07-18 18:13:26,566 - pt_RSMultiMatteTool.core - 42 - INFO - change Renderer to : Redshift
2017-07-18 18:13:26,582 - root - 79 - INFO - UI loaded ...
2017-07-18 18:13:31,720 - pt_RSMultiMatteTool.core - 144 - INFO - Material ID was assigned.
2017-07-18 18:13:54,226 - root - 69 - INFO - ===================== # App start # =====================
2017-07-18 18:13:54,230 - pt_RSMultiMatteTool.core - 48 - INFO - Setting up UI...
2017-07-18 18:13:54,232 - pt_RSMultiMatteTool.core - 42 - INFO - change Renderer to : Redshift
2017-07-18 18:13:54,246 - root - 79 - INFO - UI loaded ...
2017-07-18 18:13:57,578 - pt_RSMultiMatteTool.core - 144 - INFO - Material ID was assigned.
2017-07-18 18:14:00,033 - pt_RSMultiMatteTool.core - 144 - INFO - Material ID was assigned.
2017-07-18 18:14:06,296 - pt_RSMultiMatteTool.core - 144 - INFO - Material ID was assigned.
2017-07-18 18:15:15,706 - pt_RSMultiMatteTool.core - 144 - INFO - Material ID was assigned.
2017-07-18 19:07:51,627 - root - 71 - INFO - ===================== # App start # =====================
2017-07-18 19:07:51,647 - pt_RSMultiMatteTool.core - 48 - INFO - Setting up UI...
2017-07-18 19:07:51,648 - pt_RSMultiMatteTool.core - 42 - INFO - change Renderer to : Redshift
2017-07-18 19:07:51,664 - root - 81 - INFO - UI loaded ...
2017-07-18 19:07:54,582 - root - 71 - INFO - ===================== # App start # =====================
2017-07-18 19:07:54,601 - pt_RSMultiMatteTool.core - 48 - INFO - Setting up UI...
2017-07-18 19:07:54,602 - pt_RSMultiMatteTool.core - 42 - INFO - change Renderer to : Redshift
2017-07-18 19:07:54,619 - root - 81 - INFO - UI loaded ...
