2017-07-19 15:33:52,721 - root - 73 - INFO - ===================== # App start # =====================
2017-07-19 15:33:52,727 - pt_RSMultiMatteTool.core - 62 - INFO - Setting up UI...
2017-07-19 15:33:52,729 - pt_RSMultiMatteTool.core - 51 - INFO - change Renderer to : Redshift
2017-07-19 15:33:52,772 - root - 103 - INFO - UI loaded ...
2017-07-19 15:33:55,071 - pt_RSMultiMatteTool.RedShift_engine - 124 - ERROR - unsupported operand type(s) for +: 'int' and 'str'
2017-07-19 15:33:55,082 - pt_RSMultiMatteTool.core - 286 - INFO - Create puzzle matte success.
2017-07-19 15:34:55,905 - root - 73 - INFO - ===================== # App start # =====================
2017-07-19 15:34:55,913 - pt_RSMultiMatteTool.core - 62 - INFO - Setting up UI...
2017-07-19 15:34:55,914 - pt_RSMultiMatteTool.core - 51 - INFO - change Renderer to : Redshift
2017-07-19 15:34:55,959 - root - 103 - INFO - UI loaded ...
2017-07-19 15:34:59,088 - pt_RSMultiMatteTool.core - 290 - ERROR - unsupported operand type(s) for +: 'int' and 'str'
2017-07-19 15:35:17,168 - root - 73 - INFO - ===================== # App start # =====================
2017-07-19 15:35:17,176 - pt_RSMultiMatteTool.core - 62 - INFO - Setting up UI...
2017-07-19 15:35:17,177 - pt_RSMultiMatteTool.core - 51 - INFO - change Renderer to : Redshift
2017-07-19 15:35:17,224 - root - 103 - INFO - UI loaded ...
2017-07-19 15:35:19,769 - pt_RSMultiMatteTool.core - 290 - ERROR - unsupported operand type(s) for +: 'int' and 'str'
2017-07-19 15:35:55,265 - root - 73 - INFO - ===================== # App start # =====================
2017-07-19 15:35:55,270 - pt_RSMultiMatteTool.core - 62 - INFO - Setting up UI...
2017-07-19 15:35:55,272 - pt_RSMultiMatteTool.core - 51 - INFO - change Renderer to : Redshift
2017-07-19 15:35:55,322 - root - 103 - INFO - UI loaded ...
2017-07-19 15:41:49,832 - root - 73 - INFO - ===================== # App start # =====================
2017-07-19 15:41:49,855 - pt_RSMultiMatteTool.core - 62 - INFO - Setting up UI...
2017-07-19 15:41:49,857 - pt_RSMultiMatteTool.core - 51 - INFO - change Renderer to : Redshift
2017-07-19 15:41:49,894 - root - 103 - INFO - UI loaded ...
2017-07-19 15:41:54,397 - pt_RSMultiMatteTool.core - 286 - INFO - Create puzzle matte success.
2017-07-19 15:42:11,181 - root - 73 - INFO - ===================== # App start # =====================
2017-07-19 15:42:11,188 - pt_RSMultiMatteTool.core - 62 - INFO - Setting up UI...
2017-07-19 15:42:11,190 - pt_RSMultiMatteTool.core - 51 - INFO - change Renderer to : Redshift
2017-07-19 15:42:11,223 - root - 103 - INFO - UI loaded ...
2017-07-19 15:42:16,802 - pt_RSMultiMatteTool.core - 286 - INFO - Create puzzle matte success.
2017-07-19 15:42:23,391 - pt_RSMultiMatteTool.core - 286 - INFO - Create puzzle matte success.
2017-07-19 15:44:05,938 - root - 73 - INFO - ===================== # App start # =====================
2017-07-19 15:44:05,946 - pt_RSMultiMatteTool.core - 62 - INFO - Setting up UI...
2017-07-19 15:44:05,947 - pt_RSMultiMatteTool.core - 51 - INFO - change Renderer to : Redshift
2017-07-19 15:44:05,982 - root - 103 - INFO - UI loaded ...
2017-07-19 15:44:08,875 - pt_RSMultiMatteTool.core - 286 - INFO - Create puzzle matte success.
2017-07-19 15:44:12,780 - pt_RSMultiMatteTool.core - 286 - INFO - Create puzzle matte success.
2017-07-19 15:57:16,082 - root - 73 - INFO - ===================== # App start # =====================
2017-07-19 15:57:16,098 - pt_RSMultiMatteTool.core - 62 - INFO - Setting up UI...
2017-07-19 15:57:16,099 - pt_RSMultiMatteTool.core - 51 - INFO - change Renderer to : Redshift
2017-07-19 15:57:16,140 - root - 103 - INFO - UI loaded ...
2017-07-19 15:57:26,561 - root - 73 - INFO - ===================== # App start # =====================
2017-07-19 15:57:26,566 - pt_RSMultiMatteTool.core - 62 - INFO - Setting up UI...
2017-07-19 15:57:26,568 - pt_RSMultiMatteTool.core - 51 - INFO - change Renderer to : Redshift
2017-07-19 15:57:26,575 - root - 106 - ERROR - global name 'moduleFile' is not defined
2017-07-19 15:57:53,839 - root - 73 - INFO - ===================== # App start # =====================
2017-07-19 15:57:53,845 - pt_RSMultiMatteTool.core - 62 - INFO - Setting up UI...
2017-07-19 15:57:53,845 - pt_RSMultiMatteTool.core - 51 - INFO - change Renderer to : Redshift
2017-07-19 15:57:53,852 - root - 106 - ERROR - addPuzzleID_toListView() takes exactly 6 arguments (5 given)
2017-07-19 15:58:53,395 - root - 73 - INFO - ===================== # App start # =====================
2017-07-19 15:58:53,405 - pt_RSMultiMatteTool.core - 62 - INFO - Setting up UI...
2017-07-19 15:58:53,407 - pt_RSMultiMatteTool.core - 51 - INFO - change Renderer to : Redshift
2017-07-19 15:58:53,460 - root - 103 - INFO - UI loaded ...
2017-07-19 16:01:10,321 - root - 73 - INFO - ===================== # App start # =====================
2017-07-19 16:01:10,328 - pt_RSMultiMatteTool.core - 62 - INFO - Setting up UI...
2017-07-19 16:01:10,328 - pt_RSMultiMatteTool.core - 51 - INFO - change Renderer to : Redshift
2017-07-19 16:01:10,361 - root - 103 - INFO - UI loaded ...
2017-07-19 16:01:12,844 - pt_RSMultiMatteTool.core - 288 - INFO - Create puzzle matte success.
2017-07-19 16:01:19,516 - pt_RSMultiMatteTool.core - 288 - INFO - Create puzzle matte success.
2017-07-19 16:01:28,719 - pt_RSMultiMatteTool.core - 288 - INFO - Create puzzle matte success.
2017-07-19 16:01:32,770 - pt_RSMultiMatteTool.core - 288 - INFO - Create puzzle matte success.
2017-07-19 16:01:33,934 - pt_RSMultiMatteTool.core - 288 - INFO - Create puzzle matte success.
2017-07-19 16:03:10,769 - root - 73 - INFO - ===================== # App start # =====================
2017-07-19 16:03:10,776 - pt_RSMultiMatteTool.core - 62 - INFO - Setting up UI...
2017-07-19 16:03:10,778 - pt_RSMultiMatteTool.core - 51 - INFO - change Renderer to : Redshift
2017-07-19 16:03:10,852 - root - 103 - INFO - UI loaded ...
2017-07-19 16:03:21,059 - pt_RSMultiMatteTool.core - 288 - INFO - Create puzzle matte success.
2017-07-19 16:03:23,575 - pt_RSMultiMatteTool.core - 288 - INFO - Create puzzle matte success.
2017-07-19 16:03:26,250 - pt_RSMultiMatteTool.core - 288 - INFO - Create puzzle matte success.
2017-07-19 16:03:26,819 - pt_RSMultiMatteTool.core - 288 - INFO - Create puzzle matte success.
2017-07-19 16:03:27,283 - pt_RSMultiMatteTool.core - 288 - INFO - Create puzzle matte success.
2017-07-19 16:03:27,743 - pt_RSMultiMatteTool.core - 288 - INFO - Create puzzle matte success.
2017-07-19 16:05:20,753 - root - 73 - INFO - ===================== # App start # =====================
2017-07-19 16:05:20,762 - pt_RSMultiMatteTool.core - 62 - INFO - Setting up UI...
2017-07-19 16:05:20,763 - pt_RSMultiMatteTool.core - 51 - INFO - change Renderer to : Redshift
2017-07-19 16:05:20,792 - root - 106 - ERROR - 'PySide.QtGui.QListWidget' object has no attribute 'itemSelected'
2017-07-19 16:06:22,482 - root - 73 - INFO - ===================== # App start # =====================
2017-07-19 16:06:22,487 - pt_RSMultiMatteTool.core - 62 - INFO - Setting up UI...
2017-07-19 16:06:22,489 - pt_RSMultiMatteTool.core - 51 - INFO - change Renderer to : Redshift
2017-07-19 16:06:22,565 - root - 103 - INFO - UI loaded ...
2017-07-19 16:06:25,533 - root - 73 - INFO - ===================== # App start # =====================
2017-07-19 16:06:25,545 - pt_RSMultiMatteTool.core - 62 - INFO - Setting up UI...
2017-07-19 16:06:25,546 - pt_RSMultiMatteTool.core - 51 - INFO - change Renderer to : Redshift
2017-07-19 16:06:25,605 - root - 103 - INFO - UI loaded ...
2017-07-19 16:06:42,335 - root - 73 - INFO - ===================== # App start # =====================
2017-07-19 16:06:42,344 - pt_RSMultiMatteTool.core - 62 - INFO - Setting up UI...
2017-07-19 16:06:42,345 - pt_RSMultiMatteTool.core - 51 - INFO - change Renderer to : Redshift
2017-07-19 16:06:42,418 - root - 103 - INFO - UI loaded ...
2017-07-19 16:07:29,105 - root - 73 - INFO - ===================== # App start # =====================
2017-07-19 16:07:29,112 - pt_RSMultiMatteTool.core - 62 - INFO - Setting up UI...
2017-07-19 16:07:29,114 - pt_RSMultiMatteTool.core - 51 - INFO - change Renderer to : Redshift
2017-07-19 16:07:29,190 - root - 103 - INFO - UI loaded ...
2017-07-19 16:08:20,466 - root - 73 - INFO - ===================== # App start # =====================
2017-07-19 16:08:20,473 - pt_RSMultiMatteTool.core - 62 - INFO - Setting up UI...
2017-07-19 16:08:20,473 - pt_RSMultiMatteTool.core - 51 - INFO - change Renderer to : Redshift
2017-07-19 16:08:20,545 - root - 103 - INFO - UI loaded ...
2017-07-19 16:50:19,941 - root - 77 - INFO - ===================== # App start # =====================
2017-07-19 16:50:19,947 - pt_RSMultiMatteTool.core - 62 - INFO - Setting up UI...
2017-07-19 16:50:19,947 - pt_RSMultiMatteTool.core - 51 - INFO - change Renderer to : Redshift
2017-07-19 16:50:19,957 - root - 107 - INFO - UI loaded ...
2017-07-19 16:51:02,440 - pt_RSMultiMatteTool.core - 300 - ERROR - Error occurred during execution of MEL script
line 1: line 1: Cannot find procedure "redshiftUpdateActiveAovList".
2017-07-19 16:51:27,502 - pt_RSMultiMatteTool.core - 260 - INFO - Material ID was assigned.
2017-07-19 16:51:36,608 - pt_RSMultiMatteTool.core - 300 - ERROR - Error occurred during execution of MEL script
line 1: line 1: Cannot find procedure "redshiftUpdateActiveAovList".
2017-07-19 16:52:16,910 - pt_RSMultiMatteTool.core - 260 - INFO - Material ID was assigned.
2017-07-19 16:52:18,101 - pt_RSMultiMatteTool.core - 292 - WARNING - Noting Selected.
2017-07-19 16:52:21,742 - pt_RSMultiMatteTool.core - 292 - WARNING - Noting Selected.
2017-07-19 16:52:23,250 - pt_RSMultiMatteTool.core - 300 - ERROR - Error occurred during execution of MEL script
line 1: line 1: Cannot find procedure "redshiftUpdateActiveAovList".
2017-07-19 16:53:12,881 - pt_RSMultiMatteTool.core - 300 - ERROR - Error occurred during execution of MEL script
line 1: line 1: Cannot find procedure "redshiftUpdateActiveAovList".
2017-07-19 16:53:25,187 - pt_RSMultiMatteTool.core - 300 - ERROR - Error occurred during execution of MEL script
line 1: line 1: Cannot find procedure "redshiftUpdateActiveAovList".
2017-07-19 16:53:33,375 - root - 77 - INFO - ===================== # App start # =====================
2017-07-19 16:53:33,384 - pt_RSMultiMatteTool.core - 62 - INFO - Setting up UI...
2017-07-19 16:53:33,384 - pt_RSMultiMatteTool.core - 51 - INFO - change Renderer to : Redshift
2017-07-19 16:53:33,411 - root - 107 - INFO - UI loaded ...
2017-07-19 16:53:35,858 - pt_RSMultiMatteTool.core - 300 - ERROR - Error occurred during execution of MEL script
line 1: line 1: Cannot find procedure "redshiftUpdateActiveAovList".
2017-07-19 16:53:57,247 - root - 77 - INFO - ===================== # App start # =====================
2017-07-19 16:53:57,253 - pt_RSMultiMatteTool.core - 62 - INFO - Setting up UI...
2017-07-19 16:53:57,256 - pt_RSMultiMatteTool.core - 51 - INFO - change Renderer to : Redshift
2017-07-19 16:53:57,295 - root - 107 - INFO - UI loaded ...
2017-07-19 16:54:01,674 - pt_RSMultiMatteTool.core - 300 - ERROR - Error occurred during execution of MEL script
line 1: line 1: Cannot find procedure "redshiftUpdateActiveAovList".
2017-07-19 16:54:47,154 - root - 77 - INFO - ===================== # App start # =====================
2017-07-19 16:54:47,161 - pt_RSMultiMatteTool.core - 62 - INFO - Setting up UI...
2017-07-19 16:54:47,163 - pt_RSMultiMatteTool.core - 51 - INFO - change Renderer to : Redshift
2017-07-19 16:54:47,214 - root - 107 - INFO - UI loaded ...
2017-07-19 16:54:51,961 - pt_RSMultiMatteTool.core - 300 - ERROR - Error occurred during execution of MEL script
line 1: line 1: Cannot find procedure "redshiftUpdateActiveAovList".
2017-07-19 16:55:26,911 - root - 77 - INFO - ===================== # App start # =====================
2017-07-19 16:55:26,917 - pt_RSMultiMatteTool.core - 62 - INFO - Setting up UI...
2017-07-19 16:55:26,918 - pt_RSMultiMatteTool.core - 51 - INFO - change Renderer to : Redshift
2017-07-19 16:55:26,960 - root - 107 - INFO - UI loaded ...
2017-07-19 16:55:29,346 - pt_RSMultiMatteTool.core - 300 - ERROR - Error occurred during execution of MEL script
line 1: line 1: Cannot find procedure "redshiftUpdateActiveAovList".
2017-07-19 16:56:08,433 - root - 77 - INFO - ===================== # App start # =====================
2017-07-19 16:56:08,438 - pt_RSMultiMatteTool.core - 62 - INFO - Setting up UI...
2017-07-19 16:56:08,440 - pt_RSMultiMatteTool.core - 51 - INFO - change Renderer to : Redshift
2017-07-19 16:56:08,484 - root - 107 - INFO - UI loaded ...
2017-07-19 16:56:13,457 - pt_RSMultiMatteTool.core - 300 - ERROR - Error occurred during execution of MEL script
line 1: line 1: Cannot find procedure "redshiftUpdateActiveAovList".
2017-07-19 17:23:36,204 - root - 77 - INFO - ===================== # App start # =====================
2017-07-19 17:23:36,223 - pt_RSMultiMatteTool.core - 62 - INFO - Setting up UI...
2017-07-19 17:23:36,223 - pt_RSMultiMatteTool.core - 51 - INFO - change Renderer to : Redshift
2017-07-19 17:23:36,341 - root - 107 - INFO - UI loaded ...
2017-07-19 17:23:39,326 - pt_RSMultiMatteTool.core - 300 - ERROR - Error occurred during execution of MEL script
line 1: line 1: Cannot find procedure "redshiftUpdateActiveAovList".
2017-07-19 17:24:50,980 - root - 77 - INFO - ===================== # App start # =====================
2017-07-19 17:24:50,986 - pt_RSMultiMatteTool.core - 62 - INFO - Setting up UI...
2017-07-19 17:24:50,986 - pt_RSMultiMatteTool.core - 51 - INFO - change Renderer to : Redshift
2017-07-19 17:24:51,055 - root - 107 - INFO - UI loaded ...
2017-07-19 17:24:54,990 - pt_RSMultiMatteTool.core - 300 - ERROR - Error occurred during execution of MEL script
line 1: line 1: Cannot find procedure "redshiftUpdateActiveAovList".
2017-07-19 17:27:54,773 - root - 78 - INFO - ===================== # App start # =====================
2017-07-19 17:27:54,776 - pt_RSMultiMatteTool.core - 62 - INFO - Setting up UI...
2017-07-19 17:27:54,778 - pt_RSMultiMatteTool.core - 51 - INFO - change Renderer to : Redshift
2017-07-19 17:27:54,806 - root - 108 - INFO - UI loaded ...
2017-07-19 17:27:57,816 - pt_RSMultiMatteTool.core - 297 - INFO - Create puzzle matte success.
2017-07-19 17:28:15,183 - pt_RSMultiMatteTool.core - 297 - INFO - Create puzzle matte success.
